<?xml version="1.0" encoding="UTF-8"?>
<!-- Generated by org.testng.reporters.JUnitXMLReporter -->
<testsuite hostname="D-184003222" ignored="0" name="Default test" tests="6" failures="0" timestamp="22 Feb 2018 11:34:39 GMT" time="88.408" errors="0">
  <testcase name="openApp" time="1.679" classname="com.wipro.chcare.ccc.openCart002_OrderHistory"/>
  <testcase name="loginApp" time="1.318" classname="com.wipro.chcare.ccc.openCart002_OrderHistory"/>
  <testcase name="homePageNavigation" time="12.97" classname="com.wipro.chcare.ccc.openCart002_OrderHistory"/>
  <testcase name="addToShoppingCart89and10" time="1.239" classname="com.wipro.chcare.ccc.openCart002_OrderHistory"/>
  <testcase name="checkOutConfirmOrder" time="24.098" classname="com.wipro.chcare.ccc.openCart002_OrderHistory"/>
  <testcase name="orderHistory" time="43.141" classname="com.wipro.chcare.ccc.openCart002_OrderHistory"/>
</testsuite> <!-- Default test -->
